<?xml version="1.0" encoding="UTF-8"?>
<!-- Generated by org.testng.reporters.JUnitXMLReporter -->
<testsuite ignored="0" hostname="Manoj" failures="3" tests="10" name="Entrata Test" time="218.202" errors="0" timestamp="2025-07-03T21:32:26 IST">
  <testcase classname="testcases.BasicCheckTest" name="testMissingHeaderElement" time="4.401">
    <failure type="java.lang.AssertionError" message="Header &amp;apos;Company News&amp;apos; should not be visible in negative test. expected [false] but found [true]">
      <![CDATA[java.lang.AssertionError: Header 'Company News' should not be visible in negative test. expected [false] but found [true]
at testcases.BasicCheckTest.testMissingHeaderElement(BasicCheckTest.java:44)
at java.base/java.util.ArrayList.forEach(ArrayList.java:1511)
... Removed 30 stack frames]]>
    </failure>
  </testcase> <!-- testMissingHeaderElement -->
  <testcase classname="testcases.BasicCheckTest" name="verifyHomePageTitleAndNavLinks" time="1.341"/>
  <testcase classname="testcases.FooterCheckTest" name="foooterCheck" time="2.865"/>
  <testcase classname="testcases.FooterCheckTest" name="testBrokenPrivacyLink" time="32.379">
    <failure type="java.lang.AssertionError" message="Unexpected URL match for incorrect footer link expected [true] but found [false]">
      <![CDATA[java.lang.AssertionError: Unexpected URL match for incorrect footer link expected [true] but found [false]
at testcases.FooterCheckTest.testBrokenPrivacyLink(FooterCheckTest.java:42)
at java.base/java.util.ArrayList.forEach(ArrayList.java:1511)
... Removed 30 stack frames]]>
    </failure>
  </testcase> <!-- testBrokenPrivacyLink -->
  <testcase classname="testcases.FormInteractionTest" name="interactWithDemoRequestForm" time="4.218"/>
  <testcase classname="testcases.NavigationTest" name="validateCompanyNewsPage" time="7.473"/>
  <testcase classname="testcases.NavigationTest" name="validateProductsPage" time="10.718"/>
  <testcase classname="testcases.NavigationTest" name="validateResourcesPage" time="8.769"/>
  <testcase classname="testcases.NavigationTest" name="validateSolutionsPage" time="3.165"/>
  <testcase classname="testcases.NavigationTest" name="verifyIncorrectProductsPageURL" time="3.314">
    <failure type="java.lang.AssertionError" message="Invalid product should not match in URL expected [true] but found [false]">
      <![CDATA[java.lang.AssertionError: Invalid product should not match in URL expected [true] but found [false]
at testcases.NavigationTest.verifyIncorrectProductsPageURL(NavigationTest.java:81)
at java.base/java.util.ArrayList.forEach(ArrayList.java:1511)
... Removed 30 stack frames]]>
    </failure>
  </testcase> <!-- verifyIncorrectProductsPageURL -->
</testsuite> <!-- Entrata Test -->
